#
# A fatal error has been detected by the Java Runtime Environment:
#
#  EXCEPTION_ACCESS_VIOLATION (0xc0000005) at pc=0xffffffffa4395120, pid=5196, tid=0x0000000000001748
#
# JRE version: Java(TM) SE Runtime Environment (8.0_251-b08) (build 1.8.0_251-b08)
# Java VM: Java HotSpot(TM) 64-Bit Server VM (25.251-b08 mixed mode windows-amd64 compressed oops)
# Problematic frame:
# C  0xffffffffa4395120
#
# Failed to write core dump. Minidumps are not enabled by default on client versions of Windows
#
# If you would like to submit a bug report, please visit:
#   http://bugreport.java.com/bugreport/crash.jsp
#

---------------  T H R E A D  ---------------

Current thread (0x000000000329b800):  JavaThread "main" [_thread_in_Java, id=5960, stack(0x0000000003190000,0x0000000003290000)]

siginfo: ExceptionCode=0xc0000005, ExceptionInformation=0x0000000000000008 0xffffffffa4395120

Registers:
RAX=0x00000000148ecbc8, RBX=0x00000000148ecbc8, RCX=0x00000000148ee3e0, RDX=0x00000000f5fcca73
RSP=0x000000000328af98, RBP=0x000000000328b008, RSI=0x00000000148ec8b0, RDI=0x00000000000148f0
R8 =0x000000000328aed8, R9 =0x000000000000194c, R10=0x000000005536c910, R11=0x000000000351ee40
R12=0x0000000000000000, R13=0x000000000328afb0, R14=0x000000000328b080, R15=0x000000000329b800
RIP=0xffffffffa4395120, EFLAGS=0x0000000000010206

Top of Stack: (sp=0x000000000328af98)
0x000000000328af98:   0000000003397ae0 000000000000002e
0x000000000328afa8:   0000000003397ae0 00000000f5fcca73
0x000000000328afb8:   000000000000002f 00000000f03dbd20
0x000000000328afc8:   000000000328afc8 00000000148ecc6f
0x000000000328afd8:   000000000328b080 00000000148ee3e0
0x000000000328afe8:   00000000149220e8 00000000148ecda0
0x000000000328aff8:   000000000328afb0 000000000328b070
0x000000000328b008:   000000000328b0c8 000000000339809d
0x000000000328b018:   0000000000000000 0000000000000000
0x000000000328b028:   0000000000000000 0000000000000000
0x000000000328b038:   0000000000000000 0000000000000000
0x000000000328b048:   0000000000000000 0000000000000000
0x000000000328b058:   0000000000000000 0000000000000000
0x000000000328b068:   000000000000002f 0000000000001900
0x000000000328b078:   00000000f029d900 00000000f03dbc60
0x000000000328b088:   000000000328b088 00000000148eda68 

Instructions: (pc=0xffffffffa4395120)
0xffffffffa4395100:   
[error occurred during error reporting (printing registers, top of stack, instructions near pc), id 0xc0000005]

Register to memory mapping:

RAX={method} {0x00000000148ecbd0} 'lf_delta1' '(I)I' in 'sun/security/provider/SHA2'
RBX={method} {0x00000000148ecbd0} 'lf_delta1' '(I)I' in 'sun/security/provider/SHA2'
RCX=0x00000000148ee3e0 is pointing into metadata
RDX=0x00000000f5fcca73 is an unallocated location in the heap
RSP=0x000000000328af98 is pointing into the stack for thread: 0x000000000329b800
RBP=0x000000000328b008 is pointing into the stack for thread: 0x000000000329b800
RSI={method} {0x00000000148ec8b8} 'lf_R' '(II)I' in 'sun/security/provider/SHA2'
RDI=0x00000000000148f0 is an unknown value
R8 =0x000000000328aed8 is pointing into the stack for thread: 0x000000000329b800
R9 =0x000000000000194c is an unknown value
R10=0x000000005536c910 is an unknown value
R11=0x000000000351ee40 is at entry_point+0 in (nmethod*)0x000000000351ecd0
R12=0x0000000000000000 is an unknown value
R13=0x000000000328afb0 is pointing into the stack for thread: 0x000000000329b800
R14=0x000000000328b080 is pointing into the stack for thread: 0x000000000329b800
R15=0x000000000329b800 is a thread


Stack: [0x0000000003190000,0x0000000003290000],  sp=0x000000000328af98,  free space=1003k
Native frames: (J=compiled Java code, j=interpreted, Vv=VM code, C=native code)
C  0xffffffffa4395120


---------------  P R O C E S S  ---------------

Java Threads: ( => current thread )
  0x0000000014f29000 JavaThread "Service Thread" daemon [_thread_blocked, id=5916, stack(0x0000000016100000,0x0000000016200000)]
  0x0000000014f24800 JavaThread "C1 CompilerThread1" daemon [_thread_blocked, id=5936, stack(0x0000000016000000,0x0000000016100000)]
  0x0000000014ec7000 JavaThread "C2 CompilerThread0" daemon [_thread_blocked, id=936, stack(0x0000000015f00000,0x0000000016000000)]
  0x0000000014ec4800 JavaThread "Attach Listener" daemon [_thread_blocked, id=2800, stack(0x0000000015e00000,0x0000000015f00000)]
  0x0000000014ec3800 JavaThread "Signal Dispatcher" daemon [_thread_blocked, id=5168, stack(0x0000000015d00000,0x0000000015e00000)]
  0x0000000014ea8800 JavaThread "Finalizer" daemon [_thread_blocked, id=2328, stack(0x0000000015af0000,0x0000000015bf0000)]
  0x0000000003389000 JavaThread "Reference Handler" daemon [_thread_blocked, id=1092, stack(0x00000000159f0000,0x0000000015af0000)]
=>0x000000000329b800 JavaThread "main" [_thread_in_Java, id=5960, stack(0x0000000003190000,0x0000000003290000)]

Other Threads:
  0x0000000014e87000 VMThread [stack: 0x00000000158f0000,0x00000000159f0000] [id=5968]
  0x0000000014f36000 WatcherThread [stack: 0x0000000016200000,0x0000000016300000] [id=5352]

VM state:not at safepoint (normal execution)

VM Mutex/Monitor currently owned by a thread: None

heap address: 0x00000000d0000000, size: 768 MB, Compressed Oops mode: 32-bit
Narrow klass base: 0x0000000000000000, Narrow klass shift: 3
Compressed class space size: 1073741824 Address: 0x0000000100000000

Heap:
 PSYoungGen      total 14336K, used 3980K [0x00000000f0000000, 0x00000000f1000000, 0x0000000100000000)
  eden space 12288K, 32% used [0x00000000f0000000,0x00000000f03e3010,0x00000000f0c00000)
  from space 2048K, 0% used [0x00000000f0e00000,0x00000000f0e00000,0x00000000f1000000)
  to   space 2048K, 0% used [0x00000000f0c00000,0x00000000f0c00000,0x00000000f0e00000)
 ParOldGen       total 32768K, used 0K [0x00000000d0000000, 0x00000000d2000000, 0x00000000f0000000)
  object space 32768K, 0% used [0x00000000d0000000,0x00000000d0000000,0x00000000d2000000)
 Metaspace       used 4318K, capacity 4590K, committed 4864K, reserved 1056768K
  class space    used 465K, capacity 490K, committed 512K, reserved 1048576K

Card table byte_map: [0x0000000012750000,0x00000000128e0000] byte_map_base: 0x00000000120d0000

Marking Bits: (ParMarkBitMap*) 0x000000005538af90
 Begin Bits: [0x0000000012be0000, 0x00000000137e0000)
 End Bits:   [0x00000000137e0000, 0x00000000143e0000)

Polling page: 0x0000000000fc0000

CodeCache: size=245760Kb used=1638Kb max_used=1641Kb free=244121Kb
 bounds [0x0000000003390000, 0x0000000003600000, 0x0000000012390000]
 total_blobs=513 nmethods=244 adapters=184
 compilation: enabled

Compilation events (10 events):
Event: 7.679 Thread 0x0000000014ec7000  240       4       java.lang.Integer::reverseBytes (26 bytes)
Event: 7.679 Thread 0x0000000014ec7000 nmethod 240 0x0000000003524a50 code [0x0000000003524b80, 0x0000000003524bf8]
Event: 7.679 Thread 0x0000000014ec7000  241       4       sun.security.provider.SHA2::lf_sigma1 (21 bytes)
Event: 7.680 Thread 0x0000000014ec7000 nmethod 241 0x000000000352a750 code [0x000000000352a880, 0x000000000352a8d8]
Event: 7.680 Thread 0x0000000014ec7000  242       4       sun.security.provider.SHA2::lf_sigma0 (20 bytes)
Event: 7.680 Thread 0x0000000014f24800  243       3       sun.security.provider.SHA2::implCompress (331 bytes)
Event: 7.681 Thread 0x0000000014ec7000 nmethod 242 0x000000000352a950 code [0x000000000352aa80, 0x000000000352aad8]
Event: 7.681 Thread 0x0000000014ec7000  244       4       sun.security.provider.SHA2::lf_delta1 (21 bytes)
Event: 7.681 Thread 0x0000000014ec7000 nmethod 244 0x000000000352ab50 code [0x000000000352ac80, 0x000000000352acd8]
Event: 7.681 Thread 0x0000000014f24800 nmethod 243 0x0000000003528890 code [0x0000000003528ae0, 0x00000000035298c8]

GC Heap History (0 events):
No events

Deoptimization events (1 events):
Event: 3.671 Thread 0x000000000329b800 Uncommon trap: reason=unstable_if action=reinterpret pc=0x00000000034b51a0 method=java.lang.String.hashCode()I @ 14

Classes redefined (0 events):
No events

Internal exceptions (3 events):
Event: 0.591 Thread 0x000000000329b800 Exception <a 'java/lang/NoSuchMethodError': Method sun.misc.Unsafe.defineClass(Ljava/lang/String;[BII)Ljava/lang/Class; name or signature does not match> (0x00000000f0007cc0) thrown at [C:\jenkins\workspace\8-2-build-windows-amd64-cygwin\jdk8u251\737\hots
Event: 0.591 Thread 0x000000000329b800 Exception <a 'java/lang/NoSuchMethodError': Method sun.misc.Unsafe.prefetchRead(Ljava/lang/Object;J)V name or signature does not match> (0x00000000f0007fa8) thrown at [C:\jenkins\workspace\8-2-build-windows-amd64-cygwin\jdk8u251\737\hotspot\src\share\vm\p
Event: 0.963 Thread 0x000000000329b800 Exception <a 'java/io/IOException'> (0x00000000f00c9f80) thrown at [C:\jenkins\workspace\8-2-build-windows-amd64-cygwin\jdk8u251\737\hotspot\src\share\vm\prims\jni.cpp, line 710]

Events (10 events):
Event: 7.645 loading class java/security/GeneralSecurityException done
Event: 7.645 loading class javax/crypto/BadPaddingException done
Event: 7.647 loading class sun/security/provider/certpath/X509CertPath
Event: 7.652 loading class java/security/cert/CertPath
Event: 7.659 loading class java/security/cert/CertPath done
Event: 7.659 loading class sun/security/provider/certpath/X509CertPath done
Event: 7.660 loading class sun/security/timestamp/TimestampToken
Event: 7.661 loading class sun/security/timestamp/TimestampToken done
Event: 7.661 loading class java/security/Timestamp
Event: 7.675 loading class java/security/Timestamp done


Dynamic libraries:
0x00007ff729cd0000 - 0x00007ff729d07000 	C:\Program Files (x86)\Common Files\Oracle\Java\javapath\java.exe
0x00007ff98db10000 - 0x00007ff98dd05000 	C:\Windows\SYSTEM32\ntdll.dll
0x00007ff98d1d0000 - 0x00007ff98d28d000 	C:\Windows\System32\KERNEL32.DLL
0x00007ff98b830000 - 0x00007ff98baf9000 	C:\Windows\System32\KERNELBASE.dll
0x00007ff98d5f0000 - 0x00007ff98d69c000 	C:\Windows\System32\ADVAPI32.dll
0x00007ff98cb20000 - 0x00007ff98cbbe000 	C:\Windows\System32\msvcrt.dll
0x00007ff98c850000 - 0x00007ff98c8ec000 	C:\Windows\System32\sechost.dll
0x00007ff98d9e0000 - 0x00007ff98db0b000 	C:\Windows\System32\RPCRT4.dll
0x00007ff98cd60000 - 0x00007ff98cf00000 	C:\Windows\System32\USER32.dll
0x00007ff98b540000 - 0x00007ff98b562000 	C:\Windows\System32\win32u.dll
0x00007ff98c8f0000 - 0x00007ff98c91a000 	C:\Windows\System32\GDI32.dll
0x00007ff98b6c0000 - 0x00007ff98b7cb000 	C:\Windows\System32\gdi32full.dll
0x00007ff98b570000 - 0x00007ff98b60d000 	C:\Windows\System32\msvcp_win.dll
0x00007ff98b290000 - 0x00007ff98b390000 	C:\Windows\System32\ucrtbase.dll
0x00007ff979ee0000 - 0x00007ff97a17a000 	C:\Windows\WinSxS\amd64_microsoft.windows.common-controls_6595b64144ccf1df_6.0.19041.844_none_ca00b6081b84eb1d\COMCTL32.dll
0x00007ff98ca60000 - 0x00007ff98ca90000 	C:\Windows\System32\IMM32.DLL
0x0000000055410000 - 0x00000000554e2000 	C:\Program Files\Java\jre1.8.0_251\bin\msvcr100.dll
0x0000000054b60000 - 0x000000005540b000 	C:\Program Files\Java\jre1.8.0_251\bin\server\jvm.dll
0x00007ff98c920000 - 0x00007ff98c928000 	C:\Windows\System32\PSAPI.DLL
0x00007ff97c200000 - 0x00007ff97c209000 	C:\Windows\SYSTEM32\WSOCK32.dll
0x00007ff98cfb0000 - 0x00007ff98d01b000 	C:\Windows\System32\WS2_32.dll
0x00007ff9845c0000 - 0x00007ff9845e7000 	C:\Windows\SYSTEM32\WINMM.dll
0x00007ff9845f0000 - 0x00007ff9845fa000 	C:\Windows\SYSTEM32\VERSION.dll
0x00007ff976ff0000 - 0x00007ff976fff000 	C:\Program Files\Java\jre1.8.0_251\bin\verify.dll
0x00007ff9612e0000 - 0x00007ff961309000 	C:\Program Files\Java\jre1.8.0_251\bin\java.dll
0x00007ff961200000 - 0x00007ff961216000 	C:\Program Files\Java\jre1.8.0_251\bin\zip.dll
0x00007ff98c080000 - 0x00007ff98c7c2000 	C:\Windows\System32\SHELL32.dll
0x00007ff989410000 - 0x00007ff989ba0000 	C:\Windows\SYSTEM32\windows.storage.dll
0x00007ff98d290000 - 0x00007ff98d5e5000 	C:\Windows\System32\combase.dll
0x00007ff98ac90000 - 0x00007ff98acbc000 	C:\Windows\SYSTEM32\Wldp.dll
0x00007ff98d850000 - 0x00007ff98d8fe000 	C:\Windows\System32\SHCORE.dll
0x00007ff98d7f0000 - 0x00007ff98d845000 	C:\Windows\System32\shlwapi.dll
0x00007ff98b1d0000 - 0x00007ff98b1ef000 	C:\Windows\SYSTEM32\profapi.dll
0x00007ff97b210000 - 0x00007ff97b3f4000 	C:\Windows\SYSTEM32\dbghelp.dll
0x00007ff98b640000 - 0x00007ff98b6c0000 	C:\Windows\System32\bcryptPrimitives.dll

VM Arguments:
java_command: App 59636
java_class_path (initial): c:\Users\çilk\.vscode\extensions\adamvoss.vscode-languagetool-3.8.0\lib\languagetool-languageserver\build\install\languagetool-languageserver\bin\..\lib\annotations-12.0.jar;c:\Users\çilk\.vscode\extensions\adamvoss.vscode-languagetool-3.8.0\lib\languagetool-languageserver\build\install\languagetool-languageserver\bin\..\lib\autolink-0.6.0.jar;c:\Users\çilk\.vscode\extensions\adamvoss.vscode-languagetool-3.8.0\lib\languagetool-languageserver\build\install\languagetool-languageserver\bin\..\lib\berkeleylm-1.1.2.jar;c:\Users\çilk\.vscode\extensions\adamvoss.vscode-languagetool-3.8.0\lib\languagetool-languageserver\build\install\languagetool-languageserver\bin\..\lib\commons-lang3-3.5.jar;c:\Users\çilk\.vscode\extensions\adamvoss.vscode-languagetool-3.8.0\lib\languagetool-languageserver\build\install\languagetool-languageserver\bin\..\lib\commons-logging-1.2.jar;c:\Users\çilk\.vscode\extensions\adamvoss.vscode-languagetool-3.8.0\lib\languagetool-languageserver\build\install\languagetool-languageserver\bin\..\lib\flexmark-0.19.1.jar;c:\Users\çilk\.vscode\extensions\adamvoss.vscode-languagetool-3.8.0\lib\languagetool-languageserver\build\install\languagetool-languageserver\bin\..\lib\flexmark-all-0.19.1.jar;c:\Users\çilk\.vscode\extensions\adamvoss.vscode-languagetool-3.8.0\lib\languagetool-languageserver\build\install\languagetool-languageserver\bin\..\lib\flexmark-ext-abbreviation-0.19.1.jar;c:\Users\çilk\.vscode\extensions\adamvoss.vscode-languagetool-3.8.0\lib\languagetool-languageserver\build\install\languagetool-languageserver\bin\..\lib\flexmark-ext-anchorlink-0.19.1.jar;c:\Users\çilk\.vscode\extensions\adamvoss.vscode-languagetool-3.8.0\lib\languagetool-languageserver\build\install\languagetool-languageserver\bin\..\lib\flexmark-ext-aside-0.19.1.jar;c:\Users\çilk\.vscode\extensions\adamvoss.vscode-languagetool-3.8.0\lib\languagetool-languageserver\build\install\languagetool-languageserver\bin\..\lib\flexmark-ext-autolink-0.19.1.jar;c:
Launcher Type: SUN_STANDARD

Environment Variables:
CLASSPATH=c:\Users\çilk\.vscode\extensions\adamvoss.vscode-languagetool-3.8.0\lib\languagetool-languageserver\build\install\languagetool-languageserver\bin\..\lib\*;c:\Users\+ºilk\.vscode\extensions\adamvoss.vscode-languagetool-pt-3.8.0\lib\*
PATH=C:\VulkanSDK\1.3.268.0\Bin;C:\Python312\Scripts\;C:\Python312\;C:\Program Files (x86)\Common Files\Oracle\Java\javapath;C:\Windows\system32;C:\Windows;C:\Windows\System32\Wbem;C:\Windows\System32\WindowsPowerShell\v1.0\;C:\Program Files (x86)\ATI Technologies\ATI.ACE\Core-Static;C:\Program Files\nodejs\;C:\ProgramData\chocolatey\bin;C:\Program Files\Git\cmd;C:\Users\çilk\AppData\Local\Microsoft\WindowsApps;;C:\Users\çilk\AppData\Local\Programs\Microsoft VS Code\bin;C:\Users\çilk\AppData\Roaming\npm
USERNAME=çilk
OS=Windows_NT
PROCESSOR_IDENTIFIER=Intel64 Family 6 Model 23 Stepping 6, GenuineIntel



---------------  S Y S T E M  ---------------

OS: Windows 10.0 , 64 bit Build 19041 (10.0.19041.804)

CPU:total 2 (initial active 2) (2 cores per cpu, 1 threads per core) family 6 model 23 stepping 6, cmov, cx8, fxsr, mmx, sse, sse2, sse3, ssse3, sse4.1, tsc

Memory: 4k page, physical 3144244k(245516k free), swap 4453940k(557096k free)

vm_info: Java HotSpot(TM) 64-Bit Server VM (25.251-b08) for windows-amd64 JRE (1.8.0_251-b08), built on Mar 12 2020 06:31:49 by "" with MS VC++ 10.0 (VS2010)

time: Tue Nov 21 10:30:21 2023
timezone: Hora oficial do Brasil
elapsed time: 7 seconds (0d 0h 0m 7s)

